<?xml version="1.0" encoding="UTF-8"?>
<!-- Generated by org.testng.reporters.JUnitReportReporter -->
<testsuite hostname="DESKTOP-I5RB4A6" failures="0" tests="1" name="com.kareclouds.LLLL" time="0.014" errors="0" timestamp="2023-10-31T15:33:23 IST" skipped="0">
  <testcase classname="com.kareclouds.LLLL" name="log" time="0.014"/>
</testsuite> <!-- com.kareclouds.LLLL -->
