<?xml version="1.0" encoding="UTF-8"?>
<!-- Generated by org.testng.reporters.JUnitReportReporter -->
<testsuite hostname="DESKTOP-I5RB4A6" failures="0" tests="1" name="com.kareclouds.Testsexamples" time="8.099" errors="0" timestamp="2023-11-01T16:41:23 IST" skipped="0">
  <testcase classname="com.kareclouds.Testsexamples" name="validloginfunction" time="8.099"/>
</testsuite> <!-- com.kareclouds.Testsexamples -->
