<?xml version="1.0" encoding="UTF-8"?>
<!-- Generated by org.testng.reporters.JUnitReportReporter -->
<testsuite hostname="DESKTOP-I5RB4A6" failures="0" tests="4" name="TestngXmls.Demo1" time="0.038" errors="0" timestamp="2023-11-11T12:12:14 IST" skipped="0">
  <testcase classname="TestngXmls.Demo1" name="demo6" time="0.008"/>
  <testcase classname="TestngXmls.Demo1" name="demo5" time="0.011"/>
  <testcase classname="TestngXmls.Demo1" name="demo8" time="0.008"/>
  <testcase classname="TestngXmls.Demo1" name="demo4" time="0.011"/>
</testsuite> <!-- TestngXmls.Demo1 -->
