<?xml version="1.0" encoding="UTF-8"?>
<!-- Generated by org.testng.reporters.JUnitReportReporter -->
<testsuite hostname="DESKTOP-I5RB4A6" failures="0" tests="3" name="com.kareclouds.Beforemethod" time="29.619" errors="0" timestamp="2023-11-01T17:20:24 IST" skipped="0">
  <testcase classname="com.kareclouds.Beforemethod" name="validlusernameinvalidpasswordloginfunction" time="11.738"/>
  <testcase classname="com.kareclouds.Beforemethod" name="invalidlusernamevalidpasswordloginfunction" time="8.105"/>
  <testcase classname="com.kareclouds.Beforemethod" name="validloginfunction" time="9.776"/>
</testsuite> <!-- com.kareclouds.Beforemethod -->
