<?xml version="1.0" encoding="UTF-8"?>
<!-- Generated by org.testng.reporters.JUnitReportReporter -->
<testsuite hostname="DESKTOP-I5RB4A6" failures="0" tests="3" name="com.kareclouds.TestngXml2" time="0.009" errors="0" timestamp="2023-11-10T12:00:31 IST" skipped="0">
  <testcase classname="com.kareclouds.TestngXml2" name="ms" time="0.004"/>
  <testcase classname="com.kareclouds.TestngXml2" name="veeru" time="0.003"/>
  <testcase classname="com.kareclouds.TestngXml2" name="virat" time="0.002"/>
</testsuite> <!-- com.kareclouds.TestngXml2 -->
