<?xml version="1.0" encoding="UTF-8"?>
<!-- Generated by org.testng.reporters.JUnitReportReporter -->
<testsuite hostname="DESKTOP-I5RB4A6" failures="0" tests="3" name="com.kareclouds.LoginLogout" time="0.023" errors="0" timestamp="2023-10-31T15:48:48 IST" skipped="0">
  <testcase classname="com.kareclouds.LoginLogout" name="login" time="0.003"/>
  <testcase classname="com.kareclouds.LoginLogout" name="logout" time="0.005"/>
  <testcase classname="com.kareclouds.LoginLogout" name="log" time="0.015"/>
</testsuite> <!-- com.kareclouds.LoginLogout -->
