<?xml version="1.0" encoding="UTF-8"?>
<!-- Generated by org.testng.reporters.JUnitReportReporter -->
<testsuite hostname="DESKTOP-I5RB4A6" failures="0" tests="5" name="com.kareclouds.TestngXml" time="18.891" errors="0" timestamp="2023-11-10T12:04:42 IST" skipped="0">
  <testcase classname="com.kareclouds.TestngXml" name="saharsh" time="0.003"/>
  <testcase classname="com.kareclouds.TestngXml" name="jessi" time="0.020"/>
  <testcase classname="com.kareclouds.TestngXml" name="kalyani" time="0.004"/>
  <testcase classname="com.kareclouds.TestngXml" name="Login" time="18.859"/>
  <testcase classname="com.kareclouds.TestngXml" name="Uday" time="0.005"/>
</testsuite> <!-- com.kareclouds.TestngXml -->
