<?xml version="1.0" encoding="UTF-8"?>
<!-- Generated by org.testng.reporters.JUnitReportReporter -->
<testsuite hostname="DESKTOP-I5RB4A6" failures="0" tests="3" name="com.kareclouds.Beforetest" time="13.559" errors="0" timestamp="2023-11-01T17:05:34 IST" skipped="0">
  <testcase classname="com.kareclouds.Beforetest" name="validlusernameinvalidpasswordloginfunction" time="3.402"/>
  <testcase classname="com.kareclouds.Beforetest" name="invalidlusernamevalidpasswordloginfunction" time="3.328"/>
  <testcase classname="com.kareclouds.Beforetest" name="validloginfunction" time="6.829"/>
</testsuite> <!-- com.kareclouds.Beforetest -->
