<?xml version="1.0" encoding="UTF-8"?>
<!-- Generated by org.testng.reporters.JUnitReportReporter -->
<testsuite hostname="DESKTOP-I5RB4A6" failures="0" tests="5" name="TestngXmls.TestngXml" time="14.288" errors="0" timestamp="2023-11-10T12:03:38 IST" skipped="0">
  <testcase classname="TestngXmls.TestngXml" name="kalyani" time="0.003"/>
  <testcase classname="TestngXmls.TestngXml" name="saharsh" time="0.003"/>
  <testcase classname="TestngXmls.TestngXml" name="Uday" time="0.002"/>
  <testcase classname="TestngXmls.TestngXml" name="jessi" time="0.003"/>
  <testcase classname="TestngXmls.TestngXml" name="Login" time="14.277"/>
</testsuite> <!-- TestngXmls.TestngXml -->
