<?xml version="1.0" encoding="UTF-8"?>
<!-- Generated by org.testng.reporters.JUnitReportReporter -->
<testsuite hostname="DESKTOP-I5RB4A6" failures="0" tests="3" name="TestNgannotations.annotationsexp1" time="0.027" errors="0" timestamp="2023-11-11T11:08:39 IST" skipped="0">
  <testcase classname="TestNgannotations.annotationsexp1" name="m2" time="0.005"/>
  <testcase classname="TestNgannotations.annotationsexp1" name="m3" time="0.007"/>
  <testcase classname="TestNgannotations.annotationsexp1" name="m1" time="0.015"/>
</testsuite> <!-- TestNgannotations.annotationsexp1 -->
