<?xml version="1.0" encoding="UTF-8"?>
<!-- Generated by org.testng.reporters.JUnitReportReporter -->
<testsuite hostname="DESKTOP-I5RB4A6" failures="0" tests="1" name="com.kareclouds.ScrollHandle" time="23.159" errors="0" timestamp="2023-11-09T11:19:59 IST" skipped="0">
  <testcase classname="com.kareclouds.ScrollHandle" name="scrollHandle" time="23.159"/>
</testsuite> <!-- com.kareclouds.ScrollHandle -->
