<?xml version="1.0" encoding="UTF-8"?>
<!-- Generated by org.testng.reporters.JUnitReportReporter -->
<testsuite hostname="DESKTOP-I5RB4A6" failures="0" tests="1" name="com.kareclouds.Webtable1" time="0.113" errors="0" timestamp="2023-11-06T11:26:29 IST" skipped="0">
  <testcase classname="com.kareclouds.Webtable1" name="webTable" time="0.113"/>
</testsuite> <!-- com.kareclouds.Webtable1 -->
