<?xml version="1.0" encoding="UTF-8"?>
<!-- Generated by org.testng.reporters.JUnitReportReporter -->
<testsuite hostname="DESKTOP-I5RB4A6" failures="0" tests="2" name="com.kareclouds.TestngXml1" time="0.007" errors="0" timestamp="2023-11-10T12:00:31 IST" skipped="0">
  <testcase classname="com.kareclouds.TestngXml1" name="salaar" time="0.004"/>
  <testcase classname="com.kareclouds.TestngXml1" name="prabhas" time="0.003"/>
</testsuite> <!-- com.kareclouds.TestngXml1 -->
